D:\Maxi\Doom3Mods\Doom3SDKFull\src\d3xp/ReleaseDLL\game-d3xp.dll.intermediate.manifest
D:\MAXI\DOOM3MODS\DOOM3SDKFULL\SRC\D3XP\RELEASEDLL\AAS.OBJ
D:\MAXI\DOOM3MODS\DOOM3SDKFULL\SRC\D3XP\RELEASEDLL\AAS_DEBUG.OBJ
D:\MAXI\DOOM3MODS\DOOM3SDKFULL\SRC\D3XP\RELEASEDLL\AAS_PATHING.OBJ
D:\MAXI\DOOM3MODS\DOOM3SDKFULL\SRC\D3XP\RELEASEDLL\AAS_ROUTING.OBJ
D:\MAXI\DOOM3MODS\DOOM3SDKFULL\SRC\D3XP\RELEASEDLL\ACTOR.OBJ
D:\MAXI\DOOM3MODS\DOOM3SDKFULL\SRC\D3XP\RELEASEDLL\AF.OBJ
D:\MAXI\DOOM3MODS\DOOM3SDKFULL\SRC\D3XP\RELEASEDLL\AFENTITY.OBJ
D:\MAXI\DOOM3MODS\DOOM3SDKFULL\SRC\D3XP\RELEASEDLL\AI.OBJ
D:\MAXI\DOOM3MODS\DOOM3SDKFULL\SRC\D3XP\RELEASEDLL\AI_EVENTS.OBJ
D:\MAXI\DOOM3MODS\DOOM3SDKFULL\SRC\D3XP\RELEASEDLL\AI_PATHING.OBJ
D:\MAXI\DOOM3MODS\DOOM3SDKFULL\SRC\D3XP\RELEASEDLL\AI_VAGARY.OBJ
D:\MAXI\DOOM3MODS\DOOM3SDKFULL\SRC\D3XP\RELEASEDLL\ANIM.OBJ
D:\MAXI\DOOM3MODS\DOOM3SDKFULL\SRC\D3XP\RELEASEDLL\ANIM_BLEND.OBJ
D:\MAXI\DOOM3MODS\DOOM3SDKFULL\SRC\D3XP\RELEASEDLL\ANIM_IMPORT.OBJ
D:\MAXI\DOOM3MODS\DOOM3SDKFULL\SRC\D3XP\RELEASEDLL\ANIM_TESTMODEL.OBJ
D:\MAXI\DOOM3MODS\DOOM3SDKFULL\SRC\D3XP\RELEASEDLL\BRITTLEFRACTURE.OBJ
D:\MAXI\DOOM3MODS\DOOM3SDKFULL\SRC\D3XP\RELEASEDLL\CAMERA.OBJ
D:\Maxi\Doom3Mods\Doom3SDKFull\src\d3xp\ReleaseDLL\cl.command.1.tlog
D:\Maxi\Doom3Mods\Doom3SDKFull\src\d3xp\ReleaseDLL\CL.read.1.tlog
D:\Maxi\Doom3Mods\Doom3SDKFull\src\d3xp\ReleaseDLL\CL.write.1.tlog
D:\MAXI\DOOM3MODS\DOOM3SDKFULL\SRC\D3XP\RELEASEDLL\CLASS.OBJ
D:\MAXI\DOOM3MODS\DOOM3SDKFULL\SRC\D3XP\RELEASEDLL\CLIP.OBJ
D:\MAXI\DOOM3MODS\DOOM3SDKFULL\SRC\D3XP\RELEASEDLL\D3XP_GAME.MAP
D:\MAXI\DOOM3MODS\DOOM3SDKFULL\SRC\D3XP\RELEASEDLL\D3XP_GAME.PDB
D:\MAXI\DOOM3MODS\DOOM3SDKFULL\SRC\D3XP\RELEASEDLL\DEBUGGRAPH.OBJ
D:\MAXI\DOOM3MODS\DOOM3SDKFULL\SRC\D3XP\RELEASEDLL\ENTITY.OBJ
D:\MAXI\DOOM3MODS\DOOM3SDKFULL\SRC\D3XP\RELEASEDLL\EVENT.OBJ
D:\MAXI\DOOM3MODS\DOOM3SDKFULL\SRC\D3XP\RELEASEDLL\FORCE.OBJ
D:\MAXI\DOOM3MODS\DOOM3SDKFULL\SRC\D3XP\RELEASEDLL\FORCE_CONSTANT.OBJ
D:\MAXI\DOOM3MODS\DOOM3SDKFULL\SRC\D3XP\RELEASEDLL\FORCE_DRAG.OBJ
D:\MAXI\DOOM3MODS\DOOM3SDKFULL\SRC\D3XP\RELEASEDLL\FORCE_FIELD.OBJ
D:\MAXI\DOOM3MODS\DOOM3SDKFULL\SRC\D3XP\RELEASEDLL\FORCE_GRAB.OBJ
D:\MAXI\DOOM3MODS\DOOM3SDKFULL\SRC\D3XP\RELEASEDLL\FORCE_SPRING.OBJ
D:\MAXI\DOOM3MODS\DOOM3SDKFULL\SRC\D3XP\RELEASEDLL\FX.OBJ
D:\MAXI\DOOM3MODS\DOOM3SDKFULL\SRC\D3XP\RELEASEDLL\GAME.PCH
D:\MAXI\DOOM3MODS\DOOM3SDKFULL\SRC\D3XP\RELEASEDLL\GAME_LOCAL.OBJ
D:\MAXI\DOOM3MODS\DOOM3SDKFULL\SRC\D3XP\RELEASEDLL\GAME_NETWORK.OBJ
D:\MAXI\DOOM3MODS\DOOM3SDKFULL\SRC\D3XP\RELEASEDLL\GAME-D3XP.DLL.INTERMEDIATE.MANIFEST
D:\Maxi\Doom3Mods\Doom3SDKFull\src\d3xp\ReleaseDLL\game-d3xp.exp
D:\Maxi\Doom3Mods\Doom3SDKFull\src\d3xp\ReleaseDLL\game-d3xp.lib
D:\Maxi\Doom3Mods\Doom3SDKFull\src\d3xp\ReleaseDLL\game-d3xp.write.1.tlog
D:\MAXI\DOOM3MODS\DOOM3SDKFULL\SRC\D3XP\RELEASEDLL\GAMEEDIT.OBJ
D:\MAXI\DOOM3MODS\DOOM3SDKFULL\SRC\D3XP\RELEASEDLL\GRABBER.OBJ
D:\MAXI\DOOM3MODS\DOOM3SDKFULL\SRC\D3XP\RELEASEDLL\IK.OBJ
D:\MAXI\DOOM3MODS\DOOM3SDKFULL\SRC\D3XP\RELEASEDLL\ITEM.OBJ
D:\MAXI\DOOM3MODS\DOOM3SDKFULL\SRC\D3XP\RELEASEDLL\LIGHT.OBJ
D:\Maxi\Doom3Mods\Doom3SDKFull\src\d3xp\ReleaseDLL\link.command.1.tlog
D:\Maxi\Doom3Mods\Doom3SDKFull\src\d3xp\ReleaseDLL\link.read.1.tlog
D:\Maxi\Doom3Mods\Doom3SDKFull\src\d3xp\ReleaseDLL\link.write.1.tlog
D:\MAXI\DOOM3MODS\DOOM3SDKFULL\SRC\D3XP\RELEASEDLL\MISC.OBJ
D:\MAXI\DOOM3MODS\DOOM3SDKFULL\SRC\D3XP\RELEASEDLL\MOVEABLE.OBJ
D:\MAXI\DOOM3MODS\DOOM3SDKFULL\SRC\D3XP\RELEASEDLL\MOVER.OBJ
D:\Maxi\Doom3Mods\Doom3SDKFull\src\d3xp\ReleaseDLL\mt.command.1.tlog
D:\Maxi\Doom3Mods\Doom3SDKFull\src\d3xp\ReleaseDLL\mt.read.1.tlog
D:\Maxi\Doom3Mods\Doom3SDKFull\src\d3xp\ReleaseDLL\mt.write.1.tlog
D:\MAXI\DOOM3MODS\DOOM3SDKFULL\SRC\D3XP\RELEASEDLL\MULTIPLAYERGAME.OBJ
D:\MAXI\DOOM3MODS\DOOM3SDKFULL\SRC\D3XP\RELEASEDLL\PHYSICS.OBJ
D:\MAXI\DOOM3MODS\DOOM3SDKFULL\SRC\D3XP\RELEASEDLL\PHYSICS_ACTOR.OBJ
D:\MAXI\DOOM3MODS\DOOM3SDKFULL\SRC\D3XP\RELEASEDLL\PHYSICS_AF.OBJ
D:\MAXI\DOOM3MODS\DOOM3SDKFULL\SRC\D3XP\RELEASEDLL\PHYSICS_BASE.OBJ
D:\MAXI\DOOM3MODS\DOOM3SDKFULL\SRC\D3XP\RELEASEDLL\PHYSICS_MONSTER.OBJ
D:\MAXI\DOOM3MODS\DOOM3SDKFULL\SRC\D3XP\RELEASEDLL\PHYSICS_PARAMETRIC.OBJ
D:\MAXI\DOOM3MODS\DOOM3SDKFULL\SRC\D3XP\RELEASEDLL\PHYSICS_PLAYER.OBJ
D:\MAXI\DOOM3MODS\DOOM3SDKFULL\SRC\D3XP\RELEASEDLL\PHYSICS_RIGIDBODY.OBJ
D:\MAXI\DOOM3MODS\DOOM3SDKFULL\SRC\D3XP\RELEASEDLL\PHYSICS_STATIC.OBJ
D:\MAXI\DOOM3MODS\DOOM3SDKFULL\SRC\D3XP\RELEASEDLL\PHYSICS_STATICMULTI.OBJ
D:\MAXI\DOOM3MODS\DOOM3SDKFULL\SRC\D3XP\RELEASEDLL\PLAYER.OBJ
D:\MAXI\DOOM3MODS\DOOM3SDKFULL\SRC\D3XP\RELEASEDLL\PLAYERICON.OBJ
D:\MAXI\DOOM3MODS\DOOM3SDKFULL\SRC\D3XP\RELEASEDLL\PLAYERVIEW.OBJ
D:\MAXI\DOOM3MODS\DOOM3SDKFULL\SRC\D3XP\RELEASEDLL\PROJECTILE.OBJ
D:\MAXI\DOOM3MODS\DOOM3SDKFULL\SRC\D3XP\RELEASEDLL\PUSH.OBJ
D:\MAXI\DOOM3MODS\DOOM3SDKFULL\SRC\D3XP\RELEASEDLL\PVS.OBJ
D:\MAXI\DOOM3MODS\DOOM3SDKFULL\SRC\D3XP\RELEASEDLL\SAVEGAME.OBJ
D:\MAXI\DOOM3MODS\DOOM3SDKFULL\SRC\D3XP\RELEASEDLL\SCRIPT_COMPILER.OBJ
D:\MAXI\DOOM3MODS\DOOM3SDKFULL\SRC\D3XP\RELEASEDLL\SCRIPT_INTERPRETER.OBJ
D:\MAXI\DOOM3MODS\DOOM3SDKFULL\SRC\D3XP\RELEASEDLL\SCRIPT_PROGRAM.OBJ
D:\MAXI\DOOM3MODS\DOOM3SDKFULL\SRC\D3XP\RELEASEDLL\SCRIPT_THREAD.OBJ
D:\MAXI\DOOM3MODS\DOOM3SDKFULL\SRC\D3XP\RELEASEDLL\SECURITYCAMERA.OBJ
D:\MAXI\DOOM3MODS\DOOM3SDKFULL\SRC\D3XP\RELEASEDLL\SMOKEPARTICLES.OBJ
D:\MAXI\DOOM3MODS\DOOM3SDKFULL\SRC\D3XP\RELEASEDLL\SOUND.OBJ
D:\MAXI\DOOM3MODS\DOOM3SDKFULL\SRC\D3XP\RELEASEDLL\SYSCMDS.OBJ
D:\MAXI\DOOM3MODS\DOOM3SDKFULL\SRC\D3XP\RELEASEDLL\SYSCVAR.OBJ
D:\MAXI\DOOM3MODS\DOOM3SDKFULL\SRC\D3XP\RELEASEDLL\TARGET.OBJ
D:\MAXI\DOOM3MODS\DOOM3SDKFULL\SRC\D3XP\RELEASEDLL\TRIGGER.OBJ
D:\MAXI\DOOM3MODS\DOOM3SDKFULL\SRC\D3XP\RELEASEDLL\TYPEINFO.OBJ
D:\MAXI\DOOM3MODS\DOOM3SDKFULL\SRC\D3XP\RELEASEDLL\VC100.PDB
D:\MAXI\DOOM3MODS\DOOM3SDKFULL\SRC\D3XP\RELEASEDLL\WEAPON.OBJ
D:\MAXI\DOOM3MODS\DOOM3SDKFULL\SRC\D3XP\RELEASEDLL\WORLDSPAWN.OBJ
D:\MAXI\DOOM3MODS\DOOM3SDKFULL\SRC\RELEASEDLLD3XP\GAMEX86.DLL
