Compilación iniciada a las 26/08/2019 23:13:38.
     1>Proyecto "D:\Maxi\Doom3Mods\Doom3SDKFull\src\game-d3xp.vcxproj" en el nodo 2 (build destinos).
     1>InitializeBuildStatus:
         Se creará "d3xp/ReleaseDLL\game-d3xp.unsuccessfulbuild" porque se especificó "AlwaysCreate".
       ClCompile:
         Todas las salidas están actualizadas.
         c:\Program Files (x86)\Microsoft Visual Studio 10.0\VC\bin\CL.exe /c /Imssdk/include /Zi /nologo /W3 /WX- /O2 /Ob2 /Oi /Ot /Oy /D _D3SDK /D _D3XP /D __DOOM__ /D GAME_DLL /D WIN32 /D NDEBUG /D _WINDOWS /D CTF /D _WINDLL /D _MBCS /GF /Gm- /EHsc /MT /GS- /Gy /fp:precise /Zc:wchar_t /Zc:forScope /GR /Yu /Fp"d3xp/ReleaseDLL\game.pch" /Fo"d3xp/ReleaseDLL\\" /Fd"d3xp/ReleaseDLL\vc100.pdb" /Gd /TP /analyze- /errorReport:prompt d3xp\Player.cpp
         Player.cpp
     1>d:\maxi\doom3mods\doom3sdkfull\src\d3xp\script/Script_Interpreter.h(143): warning C4996: 'sprintf': This function or variable may be unsafe. Consider using sprintf_s instead. To disable deprecation, use _CRT_SECURE_NO_WARNINGS. See online help for details.
                 c:\Program Files (x86)\Microsoft Visual Studio 10.0\VC\include\stdio.h(371) : vea la declaración de 'sprintf'
     1>d:\maxi\doom3mods\doom3sdkfull\src\d3xp\script/Script_Interpreter.h(145): warning C4996: 'sprintf': This function or variable may be unsafe. Consider using sprintf_s instead. To disable deprecation, use _CRT_SECURE_NO_WARNINGS. See online help for details.
                 c:\Program Files (x86)\Microsoft Visual Studio 10.0\VC\include\stdio.h(371) : vea la declaración de 'sprintf'
     1>d3xp\Player.cpp(672): warning C4996: 'strcpy': This function or variable may be unsafe. Consider using strcpy_s instead. To disable deprecation, use _CRT_SECURE_NO_WARNINGS. See online help for details.
                 c:\Program Files (x86)\Microsoft Visual Studio 10.0\VC\include\string.h(105) : vea la declaración de 'strcpy'
     1>d3xp\Player.cpp(1109): warning C4996: 'strcpy': This function or variable may be unsafe. Consider using strcpy_s instead. To disable deprecation, use _CRT_SECURE_NO_WARNINGS. See online help for details.
                 c:\Program Files (x86)\Microsoft Visual Studio 10.0\VC\include\string.h(105) : vea la declaración de 'strcpy'
     1>d3xp\Player.cpp(1911): warning C4996: 'strcpy': This function or variable may be unsafe. Consider using strcpy_s instead. To disable deprecation, use _CRT_SECURE_NO_WARNINGS. See online help for details.
                 c:\Program Files (x86)\Microsoft Visual Studio 10.0\VC\include\string.h(105) : vea la declaración de 'strcpy'
     1>d3xp\Player.cpp(2492): warning C4996: 'strcpy': This function or variable may be unsafe. Consider using strcpy_s instead. To disable deprecation, use _CRT_SECURE_NO_WARNINGS. See online help for details.
                 c:\Program Files (x86)\Microsoft Visual Studio 10.0\VC\include\string.h(105) : vea la declaración de 'strcpy'
         Todas las salidas están actualizadas.
     1>C:\Program Files (x86)\MSBuild\Microsoft.Cpp\v4.0\Microsoft.CppBuild.targets(990,5): warning MSB8012: TargetPath(D:\Maxi\Doom3Mods\Doom3SDKFull\src\d3xp/ReleaseDLL\game-d3xp.dll) no coincide con el valor de la propiedad OutputFile de Linker (D:\Maxi\Doom3Mods\Doom3SDKFull\src\ReleaseDLLD3XP\gamex86.dll). Esto puede hacer que el proyecto no se compile correctamente. Para solucionar este problema, asegúrese de que los valores de propiedad $(OutDir), $(TargetName) y $(TargetExt) coinciden con el valor especificado en %(Link.OutputFile).
     1>C:\Program Files (x86)\MSBuild\Microsoft.Cpp\v4.0\Microsoft.CppBuild.targets(992,5): warning MSB8012: TargetName(game-d3xp) no coincide con el valor de la propiedad OutputFile de Linker (gamex86). Esto puede hacer que el proyecto no se compile correctamente. Para solucionar este problema, asegúrese de que los valores de propiedad $(OutDir), $(TargetName) y $(TargetExt) coinciden con el valor especificado en %(Link.OutputFile).
       Link:
         c:\Program Files (x86)\Microsoft Visual Studio 10.0\VC\bin\link.exe /ERRORREPORT:PROMPT /OUT:"./ReleaseDLLD3XP/gamex86.dll" /INCREMENTAL:NO /NOLOGO odbc32.lib odbccp32.lib ./ReleaseDLL/idLib.lib kernel32.lib user32.lib gdi32.lib winspool.lib comdlg32.lib advapi32.lib shell32.lib ole32.lib oleaut32.lib uuid.lib odbc32.lib odbccp32.lib /DEF:".\d3xp\game.def" /MANIFEST /ManifestFile:"d3xp/ReleaseDLL\game-d3xp.dll.intermediate.manifest" /MANIFESTUAC:"level='asInvoker' uiAccess='false'" /DEBUG /PDB:"d3xp/ReleaseDLL\d3xp_game.pdb" /MAP:"d3xp/ReleaseDLL\d3xp_game.map" /STACK:"4194304" /OPT:REF /OPT:ICF /TLBID:1 /DYNAMICBASE /NXCOMPAT /IMPLIB:"d3xp/ReleaseDLL\game-d3xp.lib" /MACHINE:X86 /DLL d3xp/ReleaseDLL\AF.obj
         d3xp/ReleaseDLL\AFEntity.obj
         d3xp/ReleaseDLL\Actor.obj
         d3xp/ReleaseDLL\BrittleFracture.obj
         d3xp/ReleaseDLL\Camera.obj
         d3xp/ReleaseDLL\Entity.obj
         d3xp/ReleaseDLL\Fx.obj
         d3xp/ReleaseDLL\GameEdit.obj
         d3xp/ReleaseDLL\Game_local.obj
         d3xp/ReleaseDLL\Game_network.obj
         d3xp/ReleaseDLL\Grabber.obj
         d3xp/ReleaseDLL\IK.obj
         d3xp/ReleaseDLL\Item.obj
         d3xp/ReleaseDLL\Light.obj
         d3xp/ReleaseDLL\Misc.obj
         d3xp/ReleaseDLL\Moveable.obj
         d3xp/ReleaseDLL\Mover.obj
         d3xp/ReleaseDLL\MultiplayerGame.obj
         d3xp/ReleaseDLL\Player.obj
         d3xp/ReleaseDLL\PlayerIcon.obj
         d3xp/ReleaseDLL\PlayerView.obj
         d3xp/ReleaseDLL\Projectile.obj
         d3xp/ReleaseDLL\Pvs.obj
         d3xp/ReleaseDLL\SecurityCamera.obj
         d3xp/ReleaseDLL\SmokeParticles.obj
         d3xp/ReleaseDLL\Sound.obj
         d3xp/ReleaseDLL\Target.obj
         d3xp/ReleaseDLL\Trigger.obj
         d3xp/ReleaseDLL\Weapon.obj
         d3xp/ReleaseDLL\WorldSpawn.obj
         d3xp/ReleaseDLL\AAS.obj
         d3xp/ReleaseDLL\AAS_debug.obj
         d3xp/ReleaseDLL\AAS_pathing.obj
         d3xp/ReleaseDLL\AAS_routing.obj
         d3xp/ReleaseDLL\AI.obj
         d3xp/ReleaseDLL\AI_Vagary.obj
         d3xp/ReleaseDLL\AI_events.obj
         d3xp/ReleaseDLL\AI_pathing.obj
         d3xp/ReleaseDLL\Anim.obj
         d3xp/ReleaseDLL\Anim_Blend.obj
         d3xp/ReleaseDLL\Anim_Import.obj
         d3xp/ReleaseDLL\Anim_Testmodel.obj
         d3xp/ReleaseDLL\Class.obj
         d3xp/ReleaseDLL\DebugGraph.obj
         d3xp/ReleaseDLL\Event.obj
         d3xp/ReleaseDLL\SaveGame.obj
         d3xp/ReleaseDLL\SysCmds.obj
         d3xp/ReleaseDLL\SysCvar.obj
         d3xp/ReleaseDLL\TypeInfo.obj
         d3xp/ReleaseDLL\Clip.obj
         d3xp/ReleaseDLL\Force.obj
         d3xp/ReleaseDLL\Force_Constant.obj
         d3xp/ReleaseDLL\Force_Drag.obj
         d3xp/ReleaseDLL\Force_Field.obj
         d3xp/ReleaseDLL\Force_Grab.obj
         d3xp/ReleaseDLL\Force_Spring.obj
         d3xp/ReleaseDLL\Physics.obj
         d3xp/ReleaseDLL\Physics_AF.obj
         d3xp/ReleaseDLL\Physics_Actor.obj
         d3xp/ReleaseDLL\Physics_Base.obj
         d3xp/ReleaseDLL\Physics_Monster.obj
         d3xp/ReleaseDLL\Physics_Parametric.obj
         d3xp/ReleaseDLL\Physics_Player.obj
         d3xp/ReleaseDLL\Physics_RigidBody.obj
         d3xp/ReleaseDLL\Physics_Static.obj
         d3xp/ReleaseDLL\Physics_StaticMulti.obj
         d3xp/ReleaseDLL\Push.obj
         d3xp/ReleaseDLL\Script_Compiler.obj
         d3xp/ReleaseDLL\Script_Interpreter.obj
         d3xp/ReleaseDLL\Script_Program.obj
         d3xp/ReleaseDLL\Script_Thread.obj /MACHINE:I386 /fixed:no 
            Creando biblioteca d3xp/ReleaseDLL\game-d3xp.lib y objeto d3xp/ReleaseDLL\game-d3xp.exp
         game-d3xp.vcxproj -> D:\Maxi\Doom3Mods\Doom3SDKFull\src\d3xp/ReleaseDLL\game-d3xp.dll
       Manifest:
         C:\Program Files (x86)\Microsoft SDKs\Windows\v7.0A\bin\mt.exe /nologo /verbose /outputresource:"./ReleaseDLLD3XP/gamex86.dll;#2" /manifest "d3xp/ReleaseDLL\game-d3xp.dll.intermediate.manifest"
       FinalizeBuildStatus:
         Se eliminará el archivo "d3xp/ReleaseDLL\game-d3xp.unsuccessfulbuild".
         Aplicando tarea Touch a "d3xp/ReleaseDLL\game-d3xp.lastbuildstate".
     1>Compilación del proyecto terminada "D:\Maxi\Doom3Mods\Doom3SDKFull\src\game-d3xp.vcxproj" (build destinos).

Compilación correcta.

Tiempo transcurrido 00:00:11.21
