D:\Maxi\Doom3Mods\Doom3SDKFull\src\Game/ReleaseDLL\Game.dll.intermediate.manifest
D:\MAXI\DOOM3MODS\DOOM3SDKFULL\SRC\GAME\RELEASEDLL\AAS.OBJ
D:\MAXI\DOOM3MODS\DOOM3SDKFULL\SRC\GAME\RELEASEDLL\AAS_DEBUG.OBJ
D:\MAXI\DOOM3MODS\DOOM3SDKFULL\SRC\GAME\RELEASEDLL\AAS_PATHING.OBJ
D:\MAXI\DOOM3MODS\DOOM3SDKFULL\SRC\GAME\RELEASEDLL\AAS_ROUTING.OBJ
D:\MAXI\DOOM3MODS\DOOM3SDKFULL\SRC\GAME\RELEASEDLL\ACTOR.OBJ
D:\MAXI\DOOM3MODS\DOOM3SDKFULL\SRC\GAME\RELEASEDLL\AF.OBJ
D:\MAXI\DOOM3MODS\DOOM3SDKFULL\SRC\GAME\RELEASEDLL\AFENTITY.OBJ
D:\MAXI\DOOM3MODS\DOOM3SDKFULL\SRC\GAME\RELEASEDLL\AI.OBJ
D:\MAXI\DOOM3MODS\DOOM3SDKFULL\SRC\GAME\RELEASEDLL\AI_EVENTS.OBJ
D:\MAXI\DOOM3MODS\DOOM3SDKFULL\SRC\GAME\RELEASEDLL\AI_PATHING.OBJ
D:\MAXI\DOOM3MODS\DOOM3SDKFULL\SRC\GAME\RELEASEDLL\AI_VAGARY.OBJ
D:\MAXI\DOOM3MODS\DOOM3SDKFULL\SRC\GAME\RELEASEDLL\ANIM.OBJ
D:\MAXI\DOOM3MODS\DOOM3SDKFULL\SRC\GAME\RELEASEDLL\ANIM_BLEND.OBJ
D:\MAXI\DOOM3MODS\DOOM3SDKFULL\SRC\GAME\RELEASEDLL\ANIM_IMPORT.OBJ
D:\MAXI\DOOM3MODS\DOOM3SDKFULL\SRC\GAME\RELEASEDLL\ANIM_TESTMODEL.OBJ
D:\MAXI\DOOM3MODS\DOOM3SDKFULL\SRC\GAME\RELEASEDLL\BRITTLEFRACTURE.OBJ
D:\MAXI\DOOM3MODS\DOOM3SDKFULL\SRC\GAME\RELEASEDLL\CAMERA.OBJ
D:\Maxi\Doom3Mods\Doom3SDKFull\src\Game\ReleaseDLL\cl.command.1.tlog
D:\Maxi\Doom3Mods\Doom3SDKFull\src\Game\ReleaseDLL\CL.read.1.tlog
D:\Maxi\Doom3Mods\Doom3SDKFull\src\Game\ReleaseDLL\CL.write.1.tlog
D:\MAXI\DOOM3MODS\DOOM3SDKFULL\SRC\GAME\RELEASEDLL\CLASS.OBJ
D:\MAXI\DOOM3MODS\DOOM3SDKFULL\SRC\GAME\RELEASEDLL\CLIP.OBJ
D:\MAXI\DOOM3MODS\DOOM3SDKFULL\SRC\GAME\RELEASEDLL\DEBUGGRAPH.OBJ
D:\MAXI\DOOM3MODS\DOOM3SDKFULL\SRC\GAME\RELEASEDLL\ENTITY.OBJ
D:\MAXI\DOOM3MODS\DOOM3SDKFULL\SRC\GAME\RELEASEDLL\EVENT.OBJ
D:\MAXI\DOOM3MODS\DOOM3SDKFULL\SRC\GAME\RELEASEDLL\FORCE.OBJ
D:\MAXI\DOOM3MODS\DOOM3SDKFULL\SRC\GAME\RELEASEDLL\FORCE_CONSTANT.OBJ
D:\MAXI\DOOM3MODS\DOOM3SDKFULL\SRC\GAME\RELEASEDLL\FORCE_DRAG.OBJ
D:\MAXI\DOOM3MODS\DOOM3SDKFULL\SRC\GAME\RELEASEDLL\FORCE_FIELD.OBJ
D:\MAXI\DOOM3MODS\DOOM3SDKFULL\SRC\GAME\RELEASEDLL\FORCE_SPRING.OBJ
D:\MAXI\DOOM3MODS\DOOM3SDKFULL\SRC\GAME\RELEASEDLL\FX.OBJ
D:\MAXI\DOOM3MODS\DOOM3SDKFULL\SRC\GAME\RELEASEDLL\GAME.DLL.INTERMEDIATE.MANIFEST
D:\Maxi\Doom3Mods\Doom3SDKFull\src\Game\ReleaseDLL\Game.exp
D:\Maxi\Doom3Mods\Doom3SDKFull\src\Game\ReleaseDLL\Game.lib
D:\MAXI\DOOM3MODS\DOOM3SDKFULL\SRC\GAME\RELEASEDLL\GAME.MAP
D:\MAXI\DOOM3MODS\DOOM3SDKFULL\SRC\GAME\RELEASEDLL\GAME.PCH
D:\MAXI\DOOM3MODS\DOOM3SDKFULL\SRC\GAME\RELEASEDLL\GAME.PDB
D:\Maxi\Doom3Mods\Doom3SDKFull\src\Game\ReleaseDLL\Game.write.1.tlog
D:\MAXI\DOOM3MODS\DOOM3SDKFULL\SRC\GAME\RELEASEDLL\GAME_LOCAL.OBJ
D:\MAXI\DOOM3MODS\DOOM3SDKFULL\SRC\GAME\RELEASEDLL\GAME_NETWORK.OBJ
D:\MAXI\DOOM3MODS\DOOM3SDKFULL\SRC\GAME\RELEASEDLL\GAMEEDIT.OBJ
D:\MAXI\DOOM3MODS\DOOM3SDKFULL\SRC\GAME\RELEASEDLL\IK.OBJ
D:\MAXI\DOOM3MODS\DOOM3SDKFULL\SRC\GAME\RELEASEDLL\ITEM.OBJ
D:\MAXI\DOOM3MODS\DOOM3SDKFULL\SRC\GAME\RELEASEDLL\LIGHT.OBJ
D:\Maxi\Doom3Mods\Doom3SDKFull\src\Game\ReleaseDLL\link.command.1.tlog
D:\Maxi\Doom3Mods\Doom3SDKFull\src\Game\ReleaseDLL\link.read.1.tlog
D:\Maxi\Doom3Mods\Doom3SDKFull\src\Game\ReleaseDLL\link.write.1.tlog
D:\MAXI\DOOM3MODS\DOOM3SDKFULL\SRC\GAME\RELEASEDLL\MISC.OBJ
D:\MAXI\DOOM3MODS\DOOM3SDKFULL\SRC\GAME\RELEASEDLL\MOVEABLE.OBJ
D:\MAXI\DOOM3MODS\DOOM3SDKFULL\SRC\GAME\RELEASEDLL\MOVER.OBJ
D:\Maxi\Doom3Mods\Doom3SDKFull\src\Game\ReleaseDLL\mt.command.1.tlog
D:\Maxi\Doom3Mods\Doom3SDKFull\src\Game\ReleaseDLL\mt.read.1.tlog
D:\Maxi\Doom3Mods\Doom3SDKFull\src\Game\ReleaseDLL\mt.write.1.tlog
D:\MAXI\DOOM3MODS\DOOM3SDKFULL\SRC\GAME\RELEASEDLL\MULTIPLAYERGAME.OBJ
D:\MAXI\DOOM3MODS\DOOM3SDKFULL\SRC\GAME\RELEASEDLL\PHYSICS.OBJ
D:\MAXI\DOOM3MODS\DOOM3SDKFULL\SRC\GAME\RELEASEDLL\PHYSICS_ACTOR.OBJ
D:\MAXI\DOOM3MODS\DOOM3SDKFULL\SRC\GAME\RELEASEDLL\PHYSICS_AF.OBJ
D:\MAXI\DOOM3MODS\DOOM3SDKFULL\SRC\GAME\RELEASEDLL\PHYSICS_BASE.OBJ
D:\MAXI\DOOM3MODS\DOOM3SDKFULL\SRC\GAME\RELEASEDLL\PHYSICS_MONSTER.OBJ
D:\MAXI\DOOM3MODS\DOOM3SDKFULL\SRC\GAME\RELEASEDLL\PHYSICS_PARAMETRIC.OBJ
D:\MAXI\DOOM3MODS\DOOM3SDKFULL\SRC\GAME\RELEASEDLL\PHYSICS_PLAYER.OBJ
D:\MAXI\DOOM3MODS\DOOM3SDKFULL\SRC\GAME\RELEASEDLL\PHYSICS_RIGIDBODY.OBJ
D:\MAXI\DOOM3MODS\DOOM3SDKFULL\SRC\GAME\RELEASEDLL\PHYSICS_STATIC.OBJ
D:\MAXI\DOOM3MODS\DOOM3SDKFULL\SRC\GAME\RELEASEDLL\PHYSICS_STATICMULTI.OBJ
D:\MAXI\DOOM3MODS\DOOM3SDKFULL\SRC\GAME\RELEASEDLL\PLAYER.OBJ
D:\MAXI\DOOM3MODS\DOOM3SDKFULL\SRC\GAME\RELEASEDLL\PLAYERICON.OBJ
D:\MAXI\DOOM3MODS\DOOM3SDKFULL\SRC\GAME\RELEASEDLL\PLAYERVIEW.OBJ
D:\MAXI\DOOM3MODS\DOOM3SDKFULL\SRC\GAME\RELEASEDLL\PROJECTILE.OBJ
D:\MAXI\DOOM3MODS\DOOM3SDKFULL\SRC\GAME\RELEASEDLL\PUSH.OBJ
D:\MAXI\DOOM3MODS\DOOM3SDKFULL\SRC\GAME\RELEASEDLL\PVS.OBJ
D:\MAXI\DOOM3MODS\DOOM3SDKFULL\SRC\GAME\RELEASEDLL\SAVEGAME.OBJ
D:\MAXI\DOOM3MODS\DOOM3SDKFULL\SRC\GAME\RELEASEDLL\SCRIPT_COMPILER.OBJ
D:\MAXI\DOOM3MODS\DOOM3SDKFULL\SRC\GAME\RELEASEDLL\SCRIPT_INTERPRETER.OBJ
D:\MAXI\DOOM3MODS\DOOM3SDKFULL\SRC\GAME\RELEASEDLL\SCRIPT_PROGRAM.OBJ
D:\MAXI\DOOM3MODS\DOOM3SDKFULL\SRC\GAME\RELEASEDLL\SCRIPT_THREAD.OBJ
D:\MAXI\DOOM3MODS\DOOM3SDKFULL\SRC\GAME\RELEASEDLL\SECURITYCAMERA.OBJ
D:\MAXI\DOOM3MODS\DOOM3SDKFULL\SRC\GAME\RELEASEDLL\SMOKEPARTICLES.OBJ
D:\MAXI\DOOM3MODS\DOOM3SDKFULL\SRC\GAME\RELEASEDLL\SOUND.OBJ
D:\MAXI\DOOM3MODS\DOOM3SDKFULL\SRC\GAME\RELEASEDLL\SYSCMDS.OBJ
D:\MAXI\DOOM3MODS\DOOM3SDKFULL\SRC\GAME\RELEASEDLL\SYSCVAR.OBJ
D:\MAXI\DOOM3MODS\DOOM3SDKFULL\SRC\GAME\RELEASEDLL\TARGET.OBJ
D:\MAXI\DOOM3MODS\DOOM3SDKFULL\SRC\GAME\RELEASEDLL\TRIGGER.OBJ
D:\MAXI\DOOM3MODS\DOOM3SDKFULL\SRC\GAME\RELEASEDLL\TYPEINFO.OBJ
D:\MAXI\DOOM3MODS\DOOM3SDKFULL\SRC\GAME\RELEASEDLL\VC100.PDB
D:\MAXI\DOOM3MODS\DOOM3SDKFULL\SRC\GAME\RELEASEDLL\WEAPON.OBJ
D:\MAXI\DOOM3MODS\DOOM3SDKFULL\SRC\GAME\RELEASEDLL\WORLDSPAWN.OBJ
D:\MAXI\DOOM3MODS\DOOM3SDKFULL\SRC\RELEASEDLL\GAMEX86.DLL
Game/ReleaseDLL\Game.pdb
